[www.ivanmaia.com/oferta-curso-a-fina-arte-de-lidar-com-pessoas/index.html]
[backblue.gif]
[fade.gif]
[index.html]
[www.ivanmaia.com/wp-includes/css/dist/block-library/style.min6fb3.css]
[www.ivanmaia.com/wp-content/plugins/activecampaign-subscription-forms/activecampaign-form-block/build/style-indexfd89.css]
[www.ivanmaia.com/wp-includes/css/classic-themes.min68b3.css]
[www.ivanmaia.com/wp-content/plugins/contact-form-7/includes/css/stylescfaa.css]
[www.ivanmaia.com/wp-content/themes/hello-elementor/theme.minc141.css]
[www.ivanmaia.com/wp-content/themes/hello-elementor/style.minc141.css]
[www.ivanmaia.com/wp-content/plugins/elementor/assets/lib/eicons/css/elementor-icons.min91ce.css]
[www.ivanmaia.com/wp-content/plugins/elementor/assets/css/frontend-legacy.min7e2e.css]
[www.ivanmaia.com/wp-content/plugins/elementor/assets/css/frontend.min7e2e.css]
[www.ivanmaia.com/wp-content/uploads/elementor/css/post-557811a.css]
[www.ivanmaia.com/wp-content/plugins/elementor-pro/assets/css/frontend.min3430.css]
[www.ivanmaia.com/wp-content/uploads/elementor/css/global4133.css]
[www.ivanmaia.com/wp-content/uploads/elementor/css/post-3250f40.css]
[www.ivanmaia.com/wp-content/plugins/add-to-any/addtoany.mind47c.css]
[static.addtoany.com/menu/page.js]
[www.ivanmaia.com/wp-includes/js/jquery/jquery.mina7a0.js]
[www.ivanmaia.com/wp-includes/js/jquery/jquery-migrate.mind617.js]
[www.ivanmaia.com/wp-content/plugins/add-to-any/addtoany.min4963.js]
[www.ivanmaia.com/wp-content/plugins/pixelyoursite/dist/scripts/jquery.bind-first-0.2.3.min6fb3.js]
[www.ivanmaia.com/wp-content/plugins/pixelyoursite/dist/scripts/js.cookie-2.1.3.min4c71.js]
[www.ivanmaia.com/wp-content/plugins/pixelyoursite/dist/scripts/public79e1.js]
[connect.facebook.net/en_US/fbevents.js]
[www.ivanmaia.com/wp-content/uploads/2020/02/cropped-favicon-32x32.png]
[www.ivanmaia.com/wp-content/uploads/2020/02/cropped-favicon-192x192.png]
[www.ivanmaia.com/wp-content/uploads/2020/02/cropped-favicon-180x180.png]
[www.ivanmaia.com/wp-content/uploads/2020/04/logo-fina-arte.png]
[www.ivanmaia.com/wp-content/uploads/2020/02/cliente-soreparos.jpg]
[www.ivanmaia.com/wp-content/uploads/2020/02/cliente-pepper.jpg]
[www.ivanmaia.com/wp-content/uploads/2020/02/cliente-centroar.jpg]
[www.ivanmaia.com/wp-content/uploads/2020/02/cliente-moscardini.jpg]
[www.ivanmaia.com/wp-content/uploads/2020/02/cliente-starluz.jpg]
[www.ivanmaia.com/wp-content/uploads/2020/02/cliente-dutraclinic.jpg]
[www.ivanmaia.com/wp-content/uploads/2020/02/cliente-vidaluz.jpg]
[www.ivanmaia.com/wp-content/uploads/2020/02/cliente-acomac.jpg]
[www.ivanmaia.com/wp-content/uploads/2020/02/paguecom-seguranca-1024x148.jpg]
[www.ivanmaia.com/wp-content/uploads/2020/04/ivan-garantia-7-dias.png]
[www.ivanmaia.com/wp-content/plugins/elementor/assets/lib/animations/animations.min7e2e.css]
[www.ivanmaia.com/wp-content/plugins/activecampaign-subscription-forms/site_tracking6fb3.js]
[www.ivanmaia.com/wp-content/plugins/contact-form-7/includes/swv/js/indexcfaa.js]
[www.ivanmaia.com/wp-content/plugins/contact-form-7/includes/js/indexcfaa.js]
[www.google.com/recaptcha/api24ac.js]
[www.ivanmaia.com/wp-includes/js/dist/vendor/regenerator-runtime.min3937.js]
[www.ivanmaia.com/wp-includes/js/dist/vendor/wp-polyfill.min2c7c.js]
[www.ivanmaia.com/wp-content/plugins/contact-form-7/modules/recaptcha/indexcfaa.js]
[www.ivanmaia.com/wp-content/plugins/elementor-pro/assets/js/webpack-pro.runtime.min3430.js]
[www.ivanmaia.com/wp-content/plugins/elementor/assets/js/webpack.runtime.min7e2e.js]
[www.ivanmaia.com/wp-content/plugins/elementor/assets/js/frontend-modules.min7e2e.js]
[www.ivanmaia.com/wp-includes/js/dist/hooks.min6c65.js]
[www.ivanmaia.com/wp-includes/js/dist/i18n.mine57b.js]
[www.ivanmaia.com/wp-content/plugins/elementor-pro/assets/js/frontend.min3430.js]
[www.ivanmaia.com/wp-content/plugins/elementor/assets/lib/waypoints/waypoints.min05da.js]
[www.ivanmaia.com/wp-includes/js/jquery/ui/core.min3f14.js]
[www.ivanmaia.com/wp-content/plugins/elementor/assets/lib/swiper/swiper.min48f5.js]
[www.ivanmaia.com/wp-content/plugins/elementor/assets/lib/share-link/share-link.min7e2e.js]
[www.ivanmaia.com/wp-content/plugins/elementor/assets/lib/dialog/dialog.mind227.js]
[www.ivanmaia.com/wp-content/plugins/elementor/assets/js/frontend.min7e2e.js]
[www.ivanmaia.com/wp-content/plugins/elementor-pro/assets/js/preloaded-elements-handlers.min3430.js]
[www.ivanmaia.com/wp-content/plugins/elementor/assets/js/preloaded-modules.min7e2e.js]
[www.ivanmaia.com/wp-content/plugins/elementor-pro/assets/lib/sticky/jquery.sticky.min3430.js]
[www.ivanmaia.com/oferta-curso-a-fina-arte-de-lidar-com-pessoas/index.html]
[www.ivanmaia.com/wp-includes/css/dist/block-library/style.min6fb3.css]
[www.ivanmaia.com/wp-content/plugins/activecampaign-subscription-forms/activecampaign-form-block/build/style-indexfd89.css]
[www.ivanmaia.com/wp-includes/css/classic-themes.min68b3.css]
[www.ivanmaia.com/wp-content/plugins/contact-form-7/includes/css/stylescfaa.css]
[www.ivanmaia.com/wp-content/themes/hello-elementor/theme.minc141.css]
[www.ivanmaia.com/wp-content/themes/hello-theme-child-master/style8a54.css]
[www.ivanmaia.com/wp-content/themes/hello-elementor/style.minc141.css]
[www.ivanmaia.com/wp-content/plugins/elementor/assets/lib/eicons/css/elementor-icons.min91ce.css]
[www.ivanmaia.com/wp-content/plugins/elementor/assets/css/frontend-legacy.min7e2e.css]
[www.ivanmaia.com/wp-content/plugins/elementor/assets/css/frontend.min7e2e.css]
[www.ivanmaia.com/wp-content/uploads/elementor/css/post-557811a.css]
[www.ivanmaia.com/wp-content/plugins/elementor-pro/assets/css/frontend.min3430.css]
[www.ivanmaia.com/wp-content/uploads/elementor/css/global4133.css]
[www.ivanmaia.com/cdn-cgi/scripts/7d0fa10a/cloudflare-static/rocket-loader.min.js]
[www.ivanmaia.com/wp-content/uploads/2020/02/bg-pessoas-palestra.jpg]
[www.ivanmaia.com/wp-content/uploads/elementor/css/post-3250f40.css]
[www.ivanmaia.com/wp-content/plugins/add-to-any/addtoany.mind47c.css]
[www.googletagmanager.com/gtm5445.html]
[connect.facebook.net/en_US/fbevents.js]
[www.ivanmaia.com/wp-content/plugins/elementor/assets/lib/animations/animations.min7e2e.css]
[www.ivanmaia.com/oferta-curso-a-fina-arte-de-lidar-com-pessoas/amp/index.html]
[www.ivanmaia.com/oferta-curso-a-fina-arte-de-lidar-com-pessoas/c.html]
[www.ivanmaia.com/oferta-curso-a-fina-arte-de-lidar-com-pessoas/b.html]
[www.ivanmaia.com/oferta-curso-a-fina-arte-de-lidar-com-pessoas/POST.html]
[www.ivanmaia.com/oferta-curso-a-fina-arte-de-lidar-com-pessoas/schema.org/index.html]
[www.ivanmaia.com/oferta-curso-a-fina-arte-de-lidar-com-pessoas/a.html]
[www.ivanmaia.com/signals/iwl.html]
